2026-05-07 12:41:26.955 +03:00 [INF] 🚀 Eventify API Starting...
2026-05-07 12:41:27.017 +03:00 [INF] User profile is available. Using 'C:\Users\LOQ\AppData\Local\ASP.NET\DataProtection-Keys' as key repository and Windows DPAPI to encrypt keys at rest.
2026-05-07 12:41:27.130 +03:00 [INF] Now listening on: http://localhost:5000
2026-05-07 12:41:27.132 +03:00 [INF] Application started. Press Ctrl+C to shut down.
2026-05-07 12:41:27.133 +03:00 [INF] Hosting environment: Development
2026-05-07 12:41:27.135 +03:00 [INF] Content root path: C:\Users\LOQ\Desktop\api\Eventify-High-Performance-Event-Management-API
2026-05-07 12:41:36.979 +03:00 [INF] Request starting HTTP/1.1 GET http://localhost:5000/ - null null
2026-05-07 12:41:37.080 +03:00 [INF] Request finished HTTP/1.1 GET http://localhost:5000/ - 404 0 null 103.4414ms
2026-05-07 12:41:37.090 +03:00 [INF] Request reached the end of the middleware pipeline without being handled by application code. Request path: GET http://localhost:5000/, Response status code: 404
2026-05-07 12:41:47.141 +03:00 [INF] Request starting HTTP/1.1 GET http://localhost:5000/swagger/index.html - null null
2026-05-07 12:41:47.234 +03:00 [INF] Request finished HTTP/1.1 GET http://localhost:5000/swagger/index.html - 304 null null 94.3443ms
2026-05-07 12:41:47.251 +03:00 [INF] Request starting HTTP/1.1 GET http://localhost:5000/swagger/swagger-ui.css - null null
2026-05-07 12:41:47.254 +03:00 [INF] Request starting HTTP/1.1 GET http://localhost:5000/swagger/index.css - null null
2026-05-07 12:41:47.256 +03:00 [INF] Request starting HTTP/1.1 GET http://localhost:5000/swagger/swagger-ui-bundle.js - null null
2026-05-07 12:41:47.257 +03:00 [INF] Request starting HTTP/1.1 GET http://localhost:5000/swagger/swagger-ui-standalone-preset.js - null null
2026-05-07 12:41:47.258 +03:00 [INF] Request starting HTTP/1.1 GET http://localhost:5000/_framework/aspnetcore-browser-refresh.js - null null
2026-05-07 12:41:47.258 +03:00 [INF] Request starting HTTP/1.1 GET http://localhost:5000/swagger/index.js - null null
2026-05-07 12:41:47.269 +03:00 [INF] Request finished HTTP/1.1 GET http://localhost:5000/_framework/aspnetcore-browser-refresh.js - 404 0 null 11.0471ms
2026-05-07 12:41:47.269 +03:00 [INF] Request finished HTTP/1.1 GET http://localhost:5000/swagger/swagger-ui.css - 304 null null 17.818ms
2026-05-07 12:41:47.269 +03:00 [INF] Request finished HTTP/1.1 GET http://localhost:5000/swagger/index.css - 304 null null 15.2338ms
2026-05-07 12:41:47.269 +03:00 [INF] Request finished HTTP/1.1 GET http://localhost:5000/swagger/swagger-ui-standalone-preset.js - 304 null null 11.969ms
2026-05-07 12:41:47.271 +03:00 [INF] Request finished HTTP/1.1 GET http://localhost:5000/swagger/index.js - 304 null null 12.2475ms
2026-05-07 12:41:47.274 +03:00 [INF] Request reached the end of the middleware pipeline without being handled by application code. Request path: GET http://localhost:5000/_framework/aspnetcore-browser-refresh.js, Response status code: 404
2026-05-07 12:41:47.275 +03:00 [INF] Request finished HTTP/1.1 GET http://localhost:5000/swagger/swagger-ui-bundle.js - 304 null null 18.9152ms
2026-05-07 12:41:47.402 +03:00 [INF] Request starting HTTP/1.1 GET http://localhost:5000/swagger/v1/swagger.json - null null
2026-05-07 12:41:47.413 +03:00 [INF] Request starting HTTP/1.1 GET http://localhost:5000/swagger/favicon-32x32.png - null null
2026-05-07 12:41:47.417 +03:00 [INF] Request finished HTTP/1.1 GET http://localhost:5000/swagger/favicon-32x32.png - 304 null null 3.8641ms
2026-05-07 12:41:47.575 +03:00 [INF] Request finished HTTP/1.1 GET http://localhost:5000/swagger/v1/swagger.json - 200 null application/json;charset=utf-8 173.3728ms
2026-05-07 12:43:11.397 +03:00 [INF] Application is shutting down...
